nov 22, 2017 12:34:11 AM org.apache.catalina.core.AprLifecycleListener init
ADVERTENCIA: The APR based Apache Tomcat Native library failed to load. The error reported was [C:\Samuel\Universidad\Tercer Semestre\Programacion\apache-tomcat-7.0.75\bin\tcnative-1.dll: Can't load AMD 64-bit .dll on a IA 32-bit platform]
java.lang.UnsatisfiedLinkError: C:\Samuel\Universidad\Tercer Semestre\Programacion\apache-tomcat-7.0.75\bin\tcnative-1.dll: Can't load AMD 64-bit .dll on a IA 32-bit platform
	at java.lang.ClassLoader$NativeLibrary.load(Native Method)
	at java.lang.ClassLoader.loadLibrary0(ClassLoader.java:1941)
	at java.lang.ClassLoader.loadLibrary(ClassLoader.java:1857)
	at java.lang.Runtime.loadLibrary0(Runtime.java:870)
	at java.lang.System.loadLibrary(System.java:1122)
	at org.apache.tomcat.jni.Library.<init>(Library.java:42)
	at org.apache.tomcat.jni.Library.initialize(Library.java:178)
	at org.apache.catalina.core.AprLifecycleListener.init(AprLifecycleListener.java:200)
	at org.apache.catalina.core.AprLifecycleListener.isAprAvailable(AprLifecycleListener.java:108)
	at org.apache.catalina.connector.Connector.setProtocol(Connector.java:592)
	at org.apache.catalina.connector.Connector.<init>(Connector.java:66)
	at org.apache.catalina.startup.ConnectorCreateRule.begin(ConnectorCreateRule.java:62)
	at org.apache.tomcat.util.digester.Digester.startElement(Digester.java:1303)
	at com.sun.org.apache.xerces.internal.parsers.AbstractSAXParser.startElement(AbstractSAXParser.java:509)
	at com.sun.org.apache.xerces.internal.parsers.AbstractXMLDocumentParser.emptyElement(AbstractXMLDocumentParser.java:182)
	at com.sun.org.apache.xerces.internal.impl.XMLDocumentFragmentScannerImpl.scanStartElement(XMLDocumentFragmentScannerImpl.java:1339)
	at com.sun.org.apache.xerces.internal.impl.XMLDocumentFragmentScannerImpl$FragmentContentDriver.next(XMLDocumentFragmentScannerImpl.java:2784)
	at com.sun.org.apache.xerces.internal.impl.XMLDocumentScannerImpl.next(XMLDocumentScannerImpl.java:602)
	at com.sun.org.apache.xerces.internal.impl.XMLDocumentFragmentScannerImpl.scanDocument(XMLDocumentFragmentScannerImpl.java:505)
	at com.sun.org.apache.xerces.internal.parsers.XML11Configuration.parse(XML11Configuration.java:841)
	at com.sun.org.apache.xerces.internal.parsers.XML11Configuration.parse(XML11Configuration.java:770)
	at com.sun.org.apache.xerces.internal.parsers.XMLParser.parse(XMLParser.java:141)
	at com.sun.org.apache.xerces.internal.parsers.AbstractSAXParser.parse(AbstractSAXParser.java:1213)
	at com.sun.org.apache.xerces.internal.jaxp.SAXParserImpl$JAXPSAXParser.parse(SAXParserImpl.java:643)
	at org.apache.tomcat.util.digester.Digester.parse(Digester.java:1576)
	at org.apache.catalina.startup.Catalina.load(Catalina.java:616)
	at org.apache.catalina.startup.Catalina.load(Catalina.java:667)
	at sun.reflect.NativeMethodAccessorImpl.invoke0(Native Method)
	at sun.reflect.NativeMethodAccessorImpl.invoke(NativeMethodAccessorImpl.java:62)
	at sun.reflect.DelegatingMethodAccessorImpl.invoke(DelegatingMethodAccessorImpl.java:43)
	at java.lang.reflect.Method.invoke(Method.java:498)
	at org.apache.catalina.startup.Bootstrap.load(Bootstrap.java:253)
	at org.apache.catalina.startup.Bootstrap.main(Bootstrap.java:427)

nov 22, 2017 12:34:12 AM org.apache.catalina.startup.VersionLoggerListener log
INFORMACIÓN: Server version:        Apache Tomcat/7.0.75
nov 22, 2017 12:34:12 AM org.apache.catalina.startup.VersionLoggerListener log
INFORMACIÓN: Server built:          Jan 18 2017 20:54:42 UTC
nov 22, 2017 12:34:12 AM org.apache.catalina.startup.VersionLoggerListener log
INFORMACIÓN: Server number:         7.0.75.0
nov 22, 2017 12:34:12 AM org.apache.catalina.startup.VersionLoggerListener log
INFORMACIÓN: OS Name:               Windows 10
nov 22, 2017 12:34:12 AM org.apache.catalina.startup.VersionLoggerListener log
INFORMACIÓN: OS Version:            10.0
nov 22, 2017 12:34:12 AM org.apache.catalina.startup.VersionLoggerListener log
INFORMACIÓN: Architecture:          x86
nov 22, 2017 12:34:12 AM org.apache.catalina.startup.VersionLoggerListener log
INFORMACIÓN: Java Home:             C:\Program Files (x86)\Java\jdk1.8.0_102\jre
nov 22, 2017 12:34:12 AM org.apache.catalina.startup.VersionLoggerListener log
INFORMACIÓN: JVM Version:           1.8.0_102-b14
nov 22, 2017 12:34:12 AM org.apache.catalina.startup.VersionLoggerListener log
INFORMACIÓN: JVM Vendor:            Oracle Corporation
nov 22, 2017 12:34:12 AM org.apache.catalina.startup.VersionLoggerListener log
INFORMACIÓN: CATALINA_BASE:         C:\Samuel\Universidad\Tercer Semestre\Programacion\apache-tomcat-7.0.75
nov 22, 2017 12:34:12 AM org.apache.catalina.startup.VersionLoggerListener log
INFORMACIÓN: CATALINA_HOME:         C:\Samuel\Universidad\Tercer Semestre\Programacion\apache-tomcat-7.0.75
nov 22, 2017 12:34:12 AM org.apache.catalina.startup.VersionLoggerListener log
INFORMACIÓN: Command line argument: -Djava.util.logging.config.file=C:\Samuel\Universidad\Tercer Semestre\Programacion\apache-tomcat-7.0.75\conf\logging.properties
nov 22, 2017 12:34:12 AM org.apache.catalina.startup.VersionLoggerListener log
INFORMACIÓN: Command line argument: -Djava.util.logging.manager=org.apache.juli.ClassLoaderLogManager
nov 22, 2017 12:34:12 AM org.apache.catalina.startup.VersionLoggerListener log
INFORMACIÓN: Command line argument: -Dhttp.nonProxyHosts=localhost|127.0.0.1|DESKTOP-96G7SCK
nov 22, 2017 12:34:12 AM org.apache.catalina.startup.VersionLoggerListener log
INFORMACIÓN: Command line argument: -Djdk.tls.ephemeralDHKeySize=2048
nov 22, 2017 12:34:12 AM org.apache.catalina.startup.VersionLoggerListener log
INFORMACIÓN: Command line argument: -Djava.endorsed.dirs=C:\Samuel\Universidad\Tercer Semestre\Programacion\apache-tomcat-7.0.75\endorsed
nov 22, 2017 12:34:12 AM org.apache.catalina.startup.VersionLoggerListener log
INFORMACIÓN: Command line argument: -Dcatalina.base=C:\Samuel\Universidad\Tercer Semestre\Programacion\apache-tomcat-7.0.75
nov 22, 2017 12:34:12 AM org.apache.catalina.startup.VersionLoggerListener log
INFORMACIÓN: Command line argument: -Dcatalina.home=C:\Samuel\Universidad\Tercer Semestre\Programacion\apache-tomcat-7.0.75
nov 22, 2017 12:34:12 AM org.apache.catalina.startup.VersionLoggerListener log
INFORMACIÓN: Command line argument: -Djava.io.tmpdir=C:\Samuel\Universidad\Tercer Semestre\Programacion\apache-tomcat-7.0.75\temp
nov 22, 2017 12:34:13 AM org.apache.coyote.AbstractProtocol init
INFORMACIÓN: Initializing ProtocolHandler ["http-bio-8080"]
nov 22, 2017 12:34:13 AM org.apache.coyote.AbstractProtocol init
INFORMACIÓN: Initializing ProtocolHandler ["ajp-bio-8009"]
nov 22, 2017 12:34:13 AM org.apache.catalina.startup.Catalina load
INFORMACIÓN: Initialization processed in 1957 ms
nov 22, 2017 12:34:13 AM org.apache.catalina.core.StandardService startInternal
INFORMACIÓN: Arrancando servicio Catalina
nov 22, 2017 12:34:13 AM org.apache.catalina.core.StandardEngine startInternal
INFORMACIÓN: Starting Servlet Engine: Apache Tomcat/7.0.75
nov 22, 2017 12:34:13 AM org.apache.catalina.startup.HostConfig deployDescriptor
INFORMACIÓN: Desplieque del descriptor de configuración C:\Samuel\Universidad\Tercer Semestre\Programacion\apache-tomcat-7.0.75\conf\Catalina\localhost\Web1.xml
nov 22, 2017 12:34:15 AM org.apache.catalina.util.SessionIdGeneratorBase createSecureRandom
INFORMACIÓN: Creation of SecureRandom instance for session ID generation using [SHA1PRNG] took [104] milliseconds.
nov 22, 2017 12:34:15 AM org.apache.catalina.startup.HostConfig deployDescriptor
INFORMACIÓN: Deployment of configuration descriptor C:\Samuel\Universidad\Tercer Semestre\Programacion\apache-tomcat-7.0.75\conf\Catalina\localhost\Web1.xml has finished in 1.977 ms
nov 22, 2017 12:34:15 AM org.apache.catalina.startup.HostConfig deployDescriptor
INFORMACIÓN: Desplieque del descriptor de configuración C:\Samuel\Universidad\Tercer Semestre\Programacion\apache-tomcat-7.0.75\conf\Catalina\localhost\Web2.xml
nov 22, 2017 12:34:18 AM com.sun.faces.config.ConfigureListener contextInitialized
INFORMACIÓN: Inicializando Mojarra 2.2.7 ( 20140610-1547 https://svn.java.net/svn/mojarra~svn/tags/2.2.7@13362) para el contexto '/Web2'
nov 22, 2017 12:34:18 AM com.sun.faces.config.ConfigureListener contextInitialized
GRAVE: Critical error during deployment: 
com.sun.faces.config.ConfigurationException: java.util.concurrent.ExecutionException: com.sun.faces.config.ConfigurationException: Unable to parse document 'jndi:/localhost/Web2/WEB-INF/faces-config.xml': null
	at com.sun.faces.config.ConfigManager.getConfigDocuments(ConfigManager.java:761)
	at com.sun.faces.config.ConfigManager.initialize(ConfigManager.java:349)
	at com.sun.faces.config.ConfigureListener.contextInitialized(ConfigureListener.java:221)
	at org.apache.catalina.core.StandardContext.listenerStart(StandardContext.java:5116)
	at org.apache.catalina.core.StandardContext.startInternal(StandardContext.java:5634)
	at org.apache.catalina.util.LifecycleBase.start(LifecycleBase.java:145)
	at org.apache.catalina.core.ContainerBase.addChildInternal(ContainerBase.java:899)
	at org.apache.catalina.core.ContainerBase.addChild(ContainerBase.java:875)
	at org.apache.catalina.core.StandardHost.addChild(StandardHost.java:652)
	at org.apache.catalina.startup.HostConfig.deployDescriptor(HostConfig.java:679)
	at org.apache.catalina.startup.HostConfig$DeployDescriptor.run(HostConfig.java:1966)
	at java.util.concurrent.Executors$RunnableAdapter.call(Executors.java:511)
	at java.util.concurrent.FutureTask.run(FutureTask.java:266)
	at java.util.concurrent.ThreadPoolExecutor.runWorker(ThreadPoolExecutor.java:1142)
	at java.util.concurrent.ThreadPoolExecutor$Worker.run(ThreadPoolExecutor.java:617)
	at java.lang.Thread.run(Thread.java:745)
Caused by: java.util.concurrent.ExecutionException: com.sun.faces.config.ConfigurationException: Unable to parse document 'jndi:/localhost/Web2/WEB-INF/faces-config.xml': null
	at java.util.concurrent.FutureTask.report(FutureTask.java:122)
	at java.util.concurrent.FutureTask.get(FutureTask.java:192)
	at com.sun.faces.config.ConfigManager.getConfigDocuments(ConfigManager.java:759)
	... 15 more
Caused by: com.sun.faces.config.ConfigurationException: Unable to parse document 'jndi:/localhost/Web2/WEB-INF/faces-config.xml': null
	at com.sun.faces.config.ConfigManager$ParseTask.call(ConfigManager.java:1012)
	at com.sun.faces.config.ConfigManager$ParseTask.call(ConfigManager.java:954)
	at java.util.concurrent.FutureTask.run(FutureTask.java:266)
	at com.sun.faces.config.ConfigManager.getConfigDocuments(ConfigManager.java:747)
	... 15 more
Caused by: java.lang.NullPointerException
	at com.sun.faces.config.ConfigManager$ParseTask.getDocument(ConfigManager.java:1172)
	at com.sun.faces.config.ConfigManager$ParseTask.call(ConfigManager.java:1003)
	... 18 more

nov 22, 2017 12:34:18 AM org.apache.catalina.core.StandardContext startInternal
GRAVE: One or more listeners failed to start. Full details will be found in the appropriate container log file
nov 22, 2017 12:34:18 AM org.apache.catalina.core.StandardContext startInternal
GRAVE: Falló en arranque del Contexto [/Web2] debido a errores previos
nov 22, 2017 12:34:18 AM javax.faces.FactoryFinder$FactoryManager copyInjectionProviderFromFacesContext
GRAVE: Unable to obtain InjectionProvider from init time FacesContext. Does this container implement the Mojarra Injection SPI?
nov 22, 2017 12:34:18 AM javax.faces.FactoryFinder$FactoryManager getFactory
GRAVE: La aplicación no se ha inicializado correctamente durante el inicio, no se encuentra la fábrica: javax.faces.application.ApplicationFactory. Attempting to find backup.
nov 22, 2017 12:34:18 AM com.sun.faces.config.ConfigureListener contextDestroyed
GRAVE: Unexpected exception when attempting to tear down the Mojarra runtime
java.lang.IllegalStateException: Could not find backup for factory javax.faces.application.ApplicationFactory. 
	at javax.faces.FactoryFinder$FactoryManager.getFactory(FactoryFinder.java:1135)
	at javax.faces.FactoryFinder.getFactory(FactoryFinder.java:379)
	at com.sun.faces.config.InitFacesContext.getApplication(InitFacesContext.java:142)
	at com.sun.faces.config.ConfigureListener.contextDestroyed(ConfigureListener.java:319)
	at org.apache.catalina.core.StandardContext.listenerStop(StandardContext.java:5163)
	at org.apache.catalina.core.StandardContext.stopInternal(StandardContext.java:5829)
	at org.apache.catalina.util.LifecycleBase.stop(LifecycleBase.java:221)
	at org.apache.catalina.util.LifecycleBase.start(LifecycleBase.java:149)
	at org.apache.catalina.core.ContainerBase.addChildInternal(ContainerBase.java:899)
	at org.apache.catalina.core.ContainerBase.addChild(ContainerBase.java:875)
	at org.apache.catalina.core.StandardHost.addChild(StandardHost.java:652)
	at org.apache.catalina.startup.HostConfig.deployDescriptor(HostConfig.java:679)
	at org.apache.catalina.startup.HostConfig$DeployDescriptor.run(HostConfig.java:1966)
	at java.util.concurrent.Executors$RunnableAdapter.call(Executors.java:511)
	at java.util.concurrent.FutureTask.run(FutureTask.java:266)
	at java.util.concurrent.ThreadPoolExecutor.runWorker(ThreadPoolExecutor.java:1142)
	at java.util.concurrent.ThreadPoolExecutor$Worker.run(ThreadPoolExecutor.java:617)
	at java.lang.Thread.run(Thread.java:745)

nov 22, 2017 12:34:18 AM javax.faces.FactoryFinder releaseFactories
GRAVE: Unable to call @PreDestroy annotated methods because no InjectionProvider can be found. Does this container implement the Mojarra Injection SPI?
nov 22, 2017 12:34:18 AM org.apache.catalina.startup.HostConfig deployDescriptor
INFORMACIÓN: Deployment of configuration descriptor C:\Samuel\Universidad\Tercer Semestre\Programacion\apache-tomcat-7.0.75\conf\Catalina\localhost\Web2.xml has finished in 3.350 ms
nov 22, 2017 12:34:18 AM org.apache.catalina.startup.HostConfig deployDirectory
INFORMACIÓN: Despliegue del directorio C:\Samuel\Universidad\Tercer Semestre\Programacion\apache-tomcat-7.0.75\webapps\docs de la aplicación web
nov 22, 2017 12:34:19 AM org.apache.catalina.startup.HostConfig deployDirectory
INFORMACIÓN: Deployment of web application directory C:\Samuel\Universidad\Tercer Semestre\Programacion\apache-tomcat-7.0.75\webapps\docs has finished in 240 ms
nov 22, 2017 12:34:19 AM org.apache.catalina.startup.HostConfig deployDirectory
INFORMACIÓN: Despliegue del directorio C:\Samuel\Universidad\Tercer Semestre\Programacion\apache-tomcat-7.0.75\webapps\examples de la aplicación web
nov 22, 2017 12:34:22 AM org.apache.catalina.startup.HostConfig deployDirectory
INFORMACIÓN: Deployment of web application directory C:\Samuel\Universidad\Tercer Semestre\Programacion\apache-tomcat-7.0.75\webapps\examples has finished in 3.278 ms
nov 22, 2017 12:34:22 AM org.apache.catalina.startup.HostConfig deployDirectory
INFORMACIÓN: Despliegue del directorio C:\Samuel\Universidad\Tercer Semestre\Programacion\apache-tomcat-7.0.75\webapps\host-manager de la aplicación web
nov 22, 2017 12:34:22 AM org.apache.catalina.startup.HostConfig deployDirectory
INFORMACIÓN: Deployment of web application directory C:\Samuel\Universidad\Tercer Semestre\Programacion\apache-tomcat-7.0.75\webapps\host-manager has finished in 164 ms
nov 22, 2017 12:34:22 AM org.apache.catalina.startup.HostConfig deployDirectory
INFORMACIÓN: Despliegue del directorio C:\Samuel\Universidad\Tercer Semestre\Programacion\apache-tomcat-7.0.75\webapps\manager de la aplicación web
nov 22, 2017 12:34:22 AM org.apache.catalina.startup.HostConfig deployDirectory
INFORMACIÓN: Deployment of web application directory C:\Samuel\Universidad\Tercer Semestre\Programacion\apache-tomcat-7.0.75\webapps\manager has finished in 144 ms
nov 22, 2017 12:34:22 AM org.apache.catalina.startup.HostConfig deployDirectory
INFORMACIÓN: Despliegue del directorio C:\Samuel\Universidad\Tercer Semestre\Programacion\apache-tomcat-7.0.75\webapps\ROOT de la aplicación web
nov 22, 2017 12:34:22 AM org.apache.catalina.startup.HostConfig deployDirectory
INFORMACIÓN: Deployment of web application directory C:\Samuel\Universidad\Tercer Semestre\Programacion\apache-tomcat-7.0.75\webapps\ROOT has finished in 80 ms
nov 22, 2017 12:34:22 AM org.apache.coyote.AbstractProtocol start
INFORMACIÓN: Starting ProtocolHandler ["http-bio-8080"]
nov 22, 2017 12:34:22 AM org.apache.coyote.AbstractProtocol start
INFORMACIÓN: Starting ProtocolHandler ["ajp-bio-8009"]
nov 22, 2017 12:34:22 AM org.apache.catalina.startup.Catalina start
INFORMACIÓN: Server startup in 9660 ms
nov 22, 2017 12:34:24 AM org.apache.catalina.startup.HostConfig deployDescriptor
INFORMACIÓN: Desplieque del descriptor de configuración C:\Samuel\Universidad\Tercer Semestre\Programacion\apache-tomcat-7.0.75\conf\Catalina\localhost\ProyectoBases.xml
nov 22, 2017 12:34:24 AM org.apache.catalina.startup.HostConfig deployDescriptor
INFORMACIÓN: Deployment of configuration descriptor C:\Samuel\Universidad\Tercer Semestre\Programacion\apache-tomcat-7.0.75\conf\Catalina\localhost\ProyectoBases.xml has finished in 166 ms
nov 22, 2017 12:34:24 AM org.apache.catalina.util.LifecycleBase start
INFORMACIÓN: The start() method was called on component [StandardEngine[Catalina].StandardHost[localhost].StandardContext[/ProyectoBases]] after start() had already been called. The second call will be ignored.
nov 22, 2017 12:39:59 AM org.apache.catalina.startup.HostConfig undeploy
INFORMACIÓN: Repliegue (undeploy) de la aplicación web que tiene como trayectoria de contexto /Web1
nov 22, 2017 12:40:00 AM org.apache.catalina.startup.HostConfig deployDescriptor
INFORMACIÓN: Desplieque del descriptor de configuración C:\Samuel\Universidad\Tercer Semestre\Programacion\apache-tomcat-7.0.75\conf\Catalina\localhost\Web1.xml
nov 22, 2017 12:40:00 AM org.apache.catalina.startup.HostConfig deployDescriptor
INFORMACIÓN: Deployment of configuration descriptor C:\Samuel\Universidad\Tercer Semestre\Programacion\apache-tomcat-7.0.75\conf\Catalina\localhost\Web1.xml has finished in 118 ms
nov 22, 2017 12:40:00 AM org.apache.catalina.util.LifecycleBase start
INFORMACIÓN: The start() method was called on component [StandardEngine[Catalina].StandardHost[localhost].StandardContext[/Web1]] after start() had already been called. The second call will be ignored.
nov 22, 2017 12:44:53 AM org.apache.catalina.startup.HostConfig undeploy
INFORMACIÓN: Repliegue (undeploy) de la aplicación web que tiene como trayectoria de contexto /ProyectoBases
nov 22, 2017 12:44:54 AM org.apache.catalina.startup.HostConfig undeploy
INFORMACIÓN: Repliegue (undeploy) de la aplicación web que tiene como trayectoria de contexto /ProyectoBases
nov 22, 2017 12:46:23 AM org.apache.catalina.startup.HostConfig deployDescriptor
INFORMACIÓN: Desplieque del descriptor de configuración C:\Samuel\Universidad\Tercer Semestre\Programacion\apache-tomcat-7.0.75\conf\Catalina\localhost\ProyectoBasesF.xml
nov 22, 2017 12:46:23 AM org.apache.catalina.startup.HostConfig deployDescriptor
INFORMACIÓN: Deployment of configuration descriptor C:\Samuel\Universidad\Tercer Semestre\Programacion\apache-tomcat-7.0.75\conf\Catalina\localhost\ProyectoBasesF.xml has finished in 118 ms
nov 22, 2017 12:46:23 AM org.apache.catalina.util.LifecycleBase start
INFORMACIÓN: The start() method was called on component [StandardEngine[Catalina].StandardHost[localhost].StandardContext[/ProyectoBasesF]] after start() had already been called. The second call will be ignored.
nov 22, 2017 1:14:28 AM org.apache.catalina.core.StandardServer await
INFORMACIÓN: Se ha recibido un comando de apagado a través del puerto de apagado. Parando la instancia del Servidor.
nov 22, 2017 1:14:28 AM org.apache.coyote.AbstractProtocol pause
INFORMACIÓN: Pausing ProtocolHandler ["http-bio-8080"]
nov 22, 2017 1:14:28 AM org.apache.coyote.AbstractProtocol pause
INFORMACIÓN: Pausing ProtocolHandler ["ajp-bio-8009"]
nov 22, 2017 1:14:28 AM org.apache.catalina.core.StandardService stopInternal
INFORMACIÓN: Parando servicio Catalina
nov 22, 2017 1:14:28 AM org.apache.coyote.AbstractProtocol stop
INFORMACIÓN: Stopping ProtocolHandler ["http-bio-8080"]
nov 22, 2017 1:14:28 AM org.apache.coyote.AbstractProtocol stop
INFORMACIÓN: Stopping ProtocolHandler ["ajp-bio-8009"]
nov 22, 2017 1:14:28 AM org.apache.coyote.AbstractProtocol destroy
INFORMACIÓN: Destroying ProtocolHandler ["http-bio-8080"]
nov 22, 2017 1:14:28 AM org.apache.coyote.AbstractProtocol destroy
INFORMACIÓN: Destroying ProtocolHandler ["ajp-bio-8009"]
nov 22, 2017 12:01:52 PM org.apache.catalina.core.AprLifecycleListener init
ADVERTENCIA: The APR based Apache Tomcat Native library failed to load. The error reported was [C:\Samuel\Universidad\Tercer Semestre\Programacion\apache-tomcat-7.0.75\bin\tcnative-1.dll: Can't load AMD 64-bit .dll on a IA 32-bit platform]
java.lang.UnsatisfiedLinkError: C:\Samuel\Universidad\Tercer Semestre\Programacion\apache-tomcat-7.0.75\bin\tcnative-1.dll: Can't load AMD 64-bit .dll on a IA 32-bit platform
	at java.lang.ClassLoader$NativeLibrary.load(Native Method)
	at java.lang.ClassLoader.loadLibrary0(ClassLoader.java:1941)
	at java.lang.ClassLoader.loadLibrary(ClassLoader.java:1857)
	at java.lang.Runtime.loadLibrary0(Runtime.java:870)
	at java.lang.System.loadLibrary(System.java:1122)
	at org.apache.tomcat.jni.Library.<init>(Library.java:42)
	at org.apache.tomcat.jni.Library.initialize(Library.java:178)
	at org.apache.catalina.core.AprLifecycleListener.init(AprLifecycleListener.java:200)
	at org.apache.catalina.core.AprLifecycleListener.isAprAvailable(AprLifecycleListener.java:108)
	at org.apache.catalina.connector.Connector.setProtocol(Connector.java:592)
	at org.apache.catalina.connector.Connector.<init>(Connector.java:66)
	at org.apache.catalina.startup.ConnectorCreateRule.begin(ConnectorCreateRule.java:62)
	at org.apache.tomcat.util.digester.Digester.startElement(Digester.java:1303)
	at com.sun.org.apache.xerces.internal.parsers.AbstractSAXParser.startElement(AbstractSAXParser.java:509)
	at com.sun.org.apache.xerces.internal.parsers.AbstractXMLDocumentParser.emptyElement(AbstractXMLDocumentParser.java:182)
	at com.sun.org.apache.xerces.internal.impl.XMLDocumentFragmentScannerImpl.scanStartElement(XMLDocumentFragmentScannerImpl.java:1339)
	at com.sun.org.apache.xerces.internal.impl.XMLDocumentFragmentScannerImpl$FragmentContentDriver.next(XMLDocumentFragmentScannerImpl.java:2784)
	at com.sun.org.apache.xerces.internal.impl.XMLDocumentScannerImpl.next(XMLDocumentScannerImpl.java:602)
	at com.sun.org.apache.xerces.internal.impl.XMLDocumentFragmentScannerImpl.scanDocument(XMLDocumentFragmentScannerImpl.java:505)
	at com.sun.org.apache.xerces.internal.parsers.XML11Configuration.parse(XML11Configuration.java:841)
	at com.sun.org.apache.xerces.internal.parsers.XML11Configuration.parse(XML11Configuration.java:770)
	at com.sun.org.apache.xerces.internal.parsers.XMLParser.parse(XMLParser.java:141)
	at com.sun.org.apache.xerces.internal.parsers.AbstractSAXParser.parse(AbstractSAXParser.java:1213)
	at com.sun.org.apache.xerces.internal.jaxp.SAXParserImpl$JAXPSAXParser.parse(SAXParserImpl.java:643)
	at org.apache.tomcat.util.digester.Digester.parse(Digester.java:1576)
	at org.apache.catalina.startup.Catalina.load(Catalina.java:616)
	at org.apache.catalina.startup.Catalina.load(Catalina.java:667)
	at sun.reflect.NativeMethodAccessorImpl.invoke0(Native Method)
	at sun.reflect.NativeMethodAccessorImpl.invoke(NativeMethodAccessorImpl.java:62)
	at sun.reflect.DelegatingMethodAccessorImpl.invoke(DelegatingMethodAccessorImpl.java:43)
	at java.lang.reflect.Method.invoke(Method.java:498)
	at org.apache.catalina.startup.Bootstrap.load(Bootstrap.java:253)
	at org.apache.catalina.startup.Bootstrap.main(Bootstrap.java:427)

nov 22, 2017 12:01:53 PM org.apache.catalina.startup.VersionLoggerListener log
INFORMACIÓN: Server version:        Apache Tomcat/7.0.75
nov 22, 2017 12:01:53 PM org.apache.catalina.startup.VersionLoggerListener log
INFORMACIÓN: Server built:          Jan 18 2017 20:54:42 UTC
nov 22, 2017 12:01:53 PM org.apache.catalina.startup.VersionLoggerListener log
INFORMACIÓN: Server number:         7.0.75.0
nov 22, 2017 12:01:53 PM org.apache.catalina.startup.VersionLoggerListener log
INFORMACIÓN: OS Name:               Windows 10
nov 22, 2017 12:01:53 PM org.apache.catalina.startup.VersionLoggerListener log
INFORMACIÓN: OS Version:            10.0
nov 22, 2017 12:01:53 PM org.apache.catalina.startup.VersionLoggerListener log
INFORMACIÓN: Architecture:          x86
nov 22, 2017 12:01:53 PM org.apache.catalina.startup.VersionLoggerListener log
INFORMACIÓN: Java Home:             C:\Program Files (x86)\Java\jdk1.8.0_102\jre
nov 22, 2017 12:01:53 PM org.apache.catalina.startup.VersionLoggerListener log
INFORMACIÓN: JVM Version:           1.8.0_102-b14
nov 22, 2017 12:01:53 PM org.apache.catalina.startup.VersionLoggerListener log
INFORMACIÓN: JVM Vendor:            Oracle Corporation
nov 22, 2017 12:01:53 PM org.apache.catalina.startup.VersionLoggerListener log
INFORMACIÓN: CATALINA_BASE:         C:\Samuel\Universidad\Tercer Semestre\Programacion\apache-tomcat-7.0.75
nov 22, 2017 12:01:53 PM org.apache.catalina.startup.VersionLoggerListener log
INFORMACIÓN: CATALINA_HOME:         C:\Samuel\Universidad\Tercer Semestre\Programacion\apache-tomcat-7.0.75
nov 22, 2017 12:01:53 PM org.apache.catalina.startup.VersionLoggerListener log
INFORMACIÓN: Command line argument: -Djava.util.logging.config.file=C:\Samuel\Universidad\Tercer Semestre\Programacion\apache-tomcat-7.0.75\conf\logging.properties
nov 22, 2017 12:01:53 PM org.apache.catalina.startup.VersionLoggerListener log
INFORMACIÓN: Command line argument: -Djava.util.logging.manager=org.apache.juli.ClassLoaderLogManager
nov 22, 2017 12:01:53 PM org.apache.catalina.startup.VersionLoggerListener log
INFORMACIÓN: Command line argument: -Dhttp.nonProxyHosts=localhost|127.0.0.1|DESKTOP-96G7SCK
nov 22, 2017 12:01:53 PM org.apache.catalina.startup.VersionLoggerListener log
INFORMACIÓN: Command line argument: -Djdk.tls.ephemeralDHKeySize=2048
nov 22, 2017 12:01:53 PM org.apache.catalina.startup.VersionLoggerListener log
INFORMACIÓN: Command line argument: -Djava.endorsed.dirs=C:\Samuel\Universidad\Tercer Semestre\Programacion\apache-tomcat-7.0.75\endorsed
nov 22, 2017 12:01:53 PM org.apache.catalina.startup.VersionLoggerListener log
INFORMACIÓN: Command line argument: -Dcatalina.base=C:\Samuel\Universidad\Tercer Semestre\Programacion\apache-tomcat-7.0.75
nov 22, 2017 12:01:53 PM org.apache.catalina.startup.VersionLoggerListener log
INFORMACIÓN: Command line argument: -Dcatalina.home=C:\Samuel\Universidad\Tercer Semestre\Programacion\apache-tomcat-7.0.75
nov 22, 2017 12:01:53 PM org.apache.catalina.startup.VersionLoggerListener log
INFORMACIÓN: Command line argument: -Djava.io.tmpdir=C:\Samuel\Universidad\Tercer Semestre\Programacion\apache-tomcat-7.0.75\temp
nov 22, 2017 12:01:54 PM org.apache.coyote.AbstractProtocol init
INFORMACIÓN: Initializing ProtocolHandler ["http-bio-8080"]
nov 22, 2017 12:01:54 PM org.apache.coyote.AbstractProtocol init
INFORMACIÓN: Initializing ProtocolHandler ["ajp-bio-8009"]
nov 22, 2017 12:01:54 PM org.apache.catalina.startup.Catalina load
INFORMACIÓN: Initialization processed in 5175 ms
nov 22, 2017 12:01:54 PM org.apache.catalina.core.StandardService startInternal
INFORMACIÓN: Arrancando servicio Catalina
nov 22, 2017 12:01:54 PM org.apache.catalina.core.StandardEngine startInternal
INFORMACIÓN: Starting Servlet Engine: Apache Tomcat/7.0.75
nov 22, 2017 12:01:54 PM org.apache.catalina.startup.HostConfig deployDescriptor
INFORMACIÓN: Desplieque del descriptor de configuración C:\Samuel\Universidad\Tercer Semestre\Programacion\apache-tomcat-7.0.75\conf\Catalina\localhost\ProyectoBasesF.xml
nov 22, 2017 12:01:55 PM org.apache.catalina.util.SessionIdGeneratorBase createSecureRandom
INFORMACIÓN: Creation of SecureRandom instance for session ID generation using [SHA1PRNG] took [324] milliseconds.
nov 22, 2017 12:01:56 PM org.apache.catalina.session.StandardManager doLoad
GRAVE: IOException al cargar sesiones persistidas: java.io.StreamCorruptedException: invalid stream header: 00000000
java.io.StreamCorruptedException: invalid stream header: 00000000
	at java.io.ObjectInputStream.readStreamHeader(ObjectInputStream.java:808)
	at java.io.ObjectInputStream.<init>(ObjectInputStream.java:301)
	at org.apache.catalina.util.CustomObjectInputStream.<init>(CustomObjectInputStream.java:95)
	at org.apache.catalina.session.StandardManager.doLoad(StandardManager.java:223)
	at org.apache.catalina.session.StandardManager.load(StandardManager.java:176)
	at org.apache.catalina.session.StandardManager.startInternal(StandardManager.java:465)
	at org.apache.catalina.util.LifecycleBase.start(LifecycleBase.java:145)
	at org.apache.catalina.core.StandardContext.startInternal(StandardContext.java:5643)
	at org.apache.catalina.util.LifecycleBase.start(LifecycleBase.java:145)
	at org.apache.catalina.core.ContainerBase.addChildInternal(ContainerBase.java:899)
	at org.apache.catalina.core.ContainerBase.addChild(ContainerBase.java:875)
	at org.apache.catalina.core.StandardHost.addChild(StandardHost.java:652)
	at org.apache.catalina.startup.HostConfig.deployDescriptor(HostConfig.java:679)
	at org.apache.catalina.startup.HostConfig$DeployDescriptor.run(HostConfig.java:1966)
	at java.util.concurrent.Executors$RunnableAdapter.call(Executors.java:511)
	at java.util.concurrent.FutureTask.run(FutureTask.java:266)
	at java.util.concurrent.ThreadPoolExecutor.runWorker(ThreadPoolExecutor.java:1142)
	at java.util.concurrent.ThreadPoolExecutor$Worker.run(ThreadPoolExecutor.java:617)
	at java.lang.Thread.run(Thread.java:745)

nov 22, 2017 12:01:56 PM org.apache.catalina.session.StandardManager startInternal
GRAVE: Excepción cargando sesiones desde almacenamiento persistente
java.io.StreamCorruptedException: invalid stream header: 00000000
	at java.io.ObjectInputStream.readStreamHeader(ObjectInputStream.java:808)
	at java.io.ObjectInputStream.<init>(ObjectInputStream.java:301)
	at org.apache.catalina.util.CustomObjectInputStream.<init>(CustomObjectInputStream.java:95)
	at org.apache.catalina.session.StandardManager.doLoad(StandardManager.java:223)
	at org.apache.catalina.session.StandardManager.load(StandardManager.java:176)
	at org.apache.catalina.session.StandardManager.startInternal(StandardManager.java:465)
	at org.apache.catalina.util.LifecycleBase.start(LifecycleBase.java:145)
	at org.apache.catalina.core.StandardContext.startInternal(StandardContext.java:5643)
	at org.apache.catalina.util.LifecycleBase.start(LifecycleBase.java:145)
	at org.apache.catalina.core.ContainerBase.addChildInternal(ContainerBase.java:899)
	at org.apache.catalina.core.ContainerBase.addChild(ContainerBase.java:875)
	at org.apache.catalina.core.StandardHost.addChild(StandardHost.java:652)
	at org.apache.catalina.startup.HostConfig.deployDescriptor(HostConfig.java:679)
	at org.apache.catalina.startup.HostConfig$DeployDescriptor.run(HostConfig.java:1966)
	at java.util.concurrent.Executors$RunnableAdapter.call(Executors.java:511)
	at java.util.concurrent.FutureTask.run(FutureTask.java:266)
	at java.util.concurrent.ThreadPoolExecutor.runWorker(ThreadPoolExecutor.java:1142)
	at java.util.concurrent.ThreadPoolExecutor$Worker.run(ThreadPoolExecutor.java:617)
	at java.lang.Thread.run(Thread.java:745)

nov 22, 2017 12:01:56 PM org.apache.catalina.startup.HostConfig deployDescriptor
INFORMACIÓN: Deployment of configuration descriptor C:\Samuel\Universidad\Tercer Semestre\Programacion\apache-tomcat-7.0.75\conf\Catalina\localhost\ProyectoBasesF.xml has finished in 1.530 ms
nov 22, 2017 12:01:56 PM org.apache.catalina.startup.HostConfig deployDescriptor
INFORMACIÓN: Desplieque del descriptor de configuración C:\Samuel\Universidad\Tercer Semestre\Programacion\apache-tomcat-7.0.75\conf\Catalina\localhost\Web1.xml
nov 22, 2017 12:01:56 PM org.apache.catalina.startup.HostConfig deployDescriptor
INFORMACIÓN: Deployment of configuration descriptor C:\Samuel\Universidad\Tercer Semestre\Programacion\apache-tomcat-7.0.75\conf\Catalina\localhost\Web1.xml has finished in 200 ms
nov 22, 2017 12:01:56 PM org.apache.catalina.startup.HostConfig deployDescriptor
INFORMACIÓN: Desplieque del descriptor de configuración C:\Samuel\Universidad\Tercer Semestre\Programacion\apache-tomcat-7.0.75\conf\Catalina\localhost\Web2.xml
nov 22, 2017 12:01:59 PM com.sun.faces.config.ConfigureListener contextInitialized
INFORMACIÓN: Inicializando Mojarra 2.2.7 ( 20140610-1547 https://svn.java.net/svn/mojarra~svn/tags/2.2.7@13362) para el contexto '/Web2'
nov 22, 2017 12:02:00 PM com.sun.faces.config.ConfigureListener contextInitialized
GRAVE: Critical error during deployment: 
com.sun.faces.config.ConfigurationException: java.util.concurrent.ExecutionException: com.sun.faces.config.ConfigurationException: Unable to parse document 'jndi:/localhost/Web2/WEB-INF/faces-config.xml': null
	at com.sun.faces.config.ConfigManager.getConfigDocuments(ConfigManager.java:761)
	at com.sun.faces.config.ConfigManager.initialize(ConfigManager.java:349)
	at com.sun.faces.config.ConfigureListener.contextInitialized(ConfigureListener.java:221)
	at org.apache.catalina.core.StandardContext.listenerStart(StandardContext.java:5116)
	at org.apache.catalina.core.StandardContext.startInternal(StandardContext.java:5634)
	at org.apache.catalina.util.LifecycleBase.start(LifecycleBase.java:145)
	at org.apache.catalina.core.ContainerBase.addChildInternal(ContainerBase.java:899)
	at org.apache.catalina.core.ContainerBase.addChild(ContainerBase.java:875)
	at org.apache.catalina.core.StandardHost.addChild(StandardHost.java:652)
	at org.apache.catalina.startup.HostConfig.deployDescriptor(HostConfig.java:679)
	at org.apache.catalina.startup.HostConfig$DeployDescriptor.run(HostConfig.java:1966)
	at java.util.concurrent.Executors$RunnableAdapter.call(Executors.java:511)
	at java.util.concurrent.FutureTask.run(FutureTask.java:266)
	at java.util.concurrent.ThreadPoolExecutor.runWorker(ThreadPoolExecutor.java:1142)
	at java.util.concurrent.ThreadPoolExecutor$Worker.run(ThreadPoolExecutor.java:617)
	at java.lang.Thread.run(Thread.java:745)
Caused by: java.util.concurrent.ExecutionException: com.sun.faces.config.ConfigurationException: Unable to parse document 'jndi:/localhost/Web2/WEB-INF/faces-config.xml': null
	at java.util.concurrent.FutureTask.report(FutureTask.java:122)
	at java.util.concurrent.FutureTask.get(FutureTask.java:192)
	at com.sun.faces.config.ConfigManager.getConfigDocuments(ConfigManager.java:759)
	... 15 more
Caused by: com.sun.faces.config.ConfigurationException: Unable to parse document 'jndi:/localhost/Web2/WEB-INF/faces-config.xml': null
	at com.sun.faces.config.ConfigManager$ParseTask.call(ConfigManager.java:1012)
	at com.sun.faces.config.ConfigManager$ParseTask.call(ConfigManager.java:954)
	at java.util.concurrent.FutureTask.run(FutureTask.java:266)
	at com.sun.faces.config.ConfigManager.getConfigDocuments(ConfigManager.java:747)
	... 15 more
Caused by: java.lang.NullPointerException
	at com.sun.faces.config.ConfigManager$ParseTask.getDocument(ConfigManager.java:1172)
	at com.sun.faces.config.ConfigManager$ParseTask.call(ConfigManager.java:1003)
	... 18 more

nov 22, 2017 12:02:00 PM org.apache.catalina.core.StandardContext startInternal
GRAVE: One or more listeners failed to start. Full details will be found in the appropriate container log file
nov 22, 2017 12:02:00 PM org.apache.catalina.core.StandardContext startInternal
GRAVE: Falló en arranque del Contexto [/Web2] debido a errores previos
nov 22, 2017 12:02:00 PM javax.faces.FactoryFinder$FactoryManager copyInjectionProviderFromFacesContext
GRAVE: Unable to obtain InjectionProvider from init time FacesContext. Does this container implement the Mojarra Injection SPI?
nov 22, 2017 12:02:00 PM javax.faces.FactoryFinder$FactoryManager getFactory
GRAVE: La aplicación no se ha inicializado correctamente durante el inicio, no se encuentra la fábrica: javax.faces.application.ApplicationFactory. Attempting to find backup.
nov 22, 2017 12:02:00 PM com.sun.faces.config.ConfigureListener contextDestroyed
GRAVE: Unexpected exception when attempting to tear down the Mojarra runtime
java.lang.IllegalStateException: Could not find backup for factory javax.faces.application.ApplicationFactory. 
	at javax.faces.FactoryFinder$FactoryManager.getFactory(FactoryFinder.java:1135)
	at javax.faces.FactoryFinder.getFactory(FactoryFinder.java:379)
	at com.sun.faces.config.InitFacesContext.getApplication(InitFacesContext.java:142)
	at com.sun.faces.config.ConfigureListener.contextDestroyed(ConfigureListener.java:319)
	at org.apache.catalina.core.StandardContext.listenerStop(StandardContext.java:5163)
	at org.apache.catalina.core.StandardContext.stopInternal(StandardContext.java:5829)
	at org.apache.catalina.util.LifecycleBase.stop(LifecycleBase.java:221)
	at org.apache.catalina.util.LifecycleBase.start(LifecycleBase.java:149)
	at org.apache.catalina.core.ContainerBase.addChildInternal(ContainerBase.java:899)
	at org.apache.catalina.core.ContainerBase.addChild(ContainerBase.java:875)
	at org.apache.catalina.core.StandardHost.addChild(StandardHost.java:652)
	at org.apache.catalina.startup.HostConfig.deployDescriptor(HostConfig.java:679)
	at org.apache.catalina.startup.HostConfig$DeployDescriptor.run(HostConfig.java:1966)
	at java.util.concurrent.Executors$RunnableAdapter.call(Executors.java:511)
	at java.util.concurrent.FutureTask.run(FutureTask.java:266)
	at java.util.concurrent.ThreadPoolExecutor.runWorker(ThreadPoolExecutor.java:1142)
	at java.util.concurrent.ThreadPoolExecutor$Worker.run(ThreadPoolExecutor.java:617)
	at java.lang.Thread.run(Thread.java:745)

nov 22, 2017 12:02:00 PM javax.faces.FactoryFinder releaseFactories
GRAVE: Unable to call @PreDestroy annotated methods because no InjectionProvider can be found. Does this container implement the Mojarra Injection SPI?
nov 22, 2017 12:02:01 PM org.apache.catalina.startup.HostConfig deployDescriptor
INFORMACIÓN: Deployment of configuration descriptor C:\Samuel\Universidad\Tercer Semestre\Programacion\apache-tomcat-7.0.75\conf\Catalina\localhost\Web2.xml has finished in 4.882 ms
nov 22, 2017 12:02:01 PM org.apache.catalina.startup.HostConfig deployDirectory
INFORMACIÓN: Despliegue del directorio C:\Samuel\Universidad\Tercer Semestre\Programacion\apache-tomcat-7.0.75\webapps\docs de la aplicación web
nov 22, 2017 12:02:01 PM org.apache.catalina.startup.HostConfig deployDirectory
INFORMACIÓN: Deployment of web application directory C:\Samuel\Universidad\Tercer Semestre\Programacion\apache-tomcat-7.0.75\webapps\docs has finished in 175 ms
nov 22, 2017 12:02:01 PM org.apache.catalina.startup.HostConfig deployDirectory
INFORMACIÓN: Despliegue del directorio C:\Samuel\Universidad\Tercer Semestre\Programacion\apache-tomcat-7.0.75\webapps\examples de la aplicación web
nov 22, 2017 12:02:03 PM org.apache.catalina.startup.HostConfig deployDirectory
INFORMACIÓN: Deployment of web application directory C:\Samuel\Universidad\Tercer Semestre\Programacion\apache-tomcat-7.0.75\webapps\examples has finished in 2.046 ms
nov 22, 2017 12:02:03 PM org.apache.catalina.startup.HostConfig deployDirectory
INFORMACIÓN: Despliegue del directorio C:\Samuel\Universidad\Tercer Semestre\Programacion\apache-tomcat-7.0.75\webapps\host-manager de la aplicación web
nov 22, 2017 12:02:03 PM org.apache.catalina.startup.HostConfig deployDirectory
INFORMACIÓN: Deployment of web application directory C:\Samuel\Universidad\Tercer Semestre\Programacion\apache-tomcat-7.0.75\webapps\host-manager has finished in 162 ms
nov 22, 2017 12:02:03 PM org.apache.catalina.startup.HostConfig deployDirectory
INFORMACIÓN: Despliegue del directorio C:\Samuel\Universidad\Tercer Semestre\Programacion\apache-tomcat-7.0.75\webapps\manager de la aplicación web
nov 22, 2017 12:02:03 PM org.apache.catalina.startup.HostConfig deployDirectory
INFORMACIÓN: Deployment of web application directory C:\Samuel\Universidad\Tercer Semestre\Programacion\apache-tomcat-7.0.75\webapps\manager has finished in 212 ms
nov 22, 2017 12:02:03 PM org.apache.catalina.startup.HostConfig deployDirectory
INFORMACIÓN: Despliegue del directorio C:\Samuel\Universidad\Tercer Semestre\Programacion\apache-tomcat-7.0.75\webapps\ROOT de la aplicación web
nov 22, 2017 12:02:03 PM org.apache.catalina.startup.HostConfig deployDirectory
INFORMACIÓN: Deployment of web application directory C:\Samuel\Universidad\Tercer Semestre\Programacion\apache-tomcat-7.0.75\webapps\ROOT has finished in 144 ms
nov 22, 2017 12:02:03 PM org.apache.coyote.AbstractProtocol start
INFORMACIÓN: Starting ProtocolHandler ["http-bio-8080"]
nov 22, 2017 12:02:03 PM org.apache.coyote.AbstractProtocol start
INFORMACIÓN: Starting ProtocolHandler ["ajp-bio-8009"]
nov 22, 2017 12:02:03 PM org.apache.catalina.startup.Catalina start
INFORMACIÓN: Server startup in 9611 ms
