mar 27, 2017 9:21:30 AM org.apache.catalina.core.AprLifecycleListener init
ADVERTENCIA: The APR based Apache Tomcat Native library failed to load. The error reported was [C:\Users\samue\Desktop\apache-tomcat-7.0.75\bin\tcnative-1.dll: Can't load AMD 64-bit .dll on a IA 32-bit platform]
java.lang.UnsatisfiedLinkError: C:\Users\samue\Desktop\apache-tomcat-7.0.75\bin\tcnative-1.dll: Can't load AMD 64-bit .dll on a IA 32-bit platform
	at java.lang.ClassLoader$NativeLibrary.load(Native Method)
	at java.lang.ClassLoader.loadLibrary0(ClassLoader.java:1941)
	at java.lang.ClassLoader.loadLibrary(ClassLoader.java:1857)
	at java.lang.Runtime.loadLibrary0(Runtime.java:870)
	at java.lang.System.loadLibrary(System.java:1122)
	at org.apache.tomcat.jni.Library.<init>(Library.java:42)
	at org.apache.tomcat.jni.Library.initialize(Library.java:178)
	at org.apache.catalina.core.AprLifecycleListener.init(AprLifecycleListener.java:200)
	at org.apache.catalina.core.AprLifecycleListener.isAprAvailable(AprLifecycleListener.java:108)
	at org.apache.catalina.connector.Connector.setProtocol(Connector.java:592)
	at org.apache.catalina.connector.Connector.<init>(Connector.java:66)
	at org.apache.catalina.startup.ConnectorCreateRule.begin(ConnectorCreateRule.java:62)
	at org.apache.tomcat.util.digester.Digester.startElement(Digester.java:1303)
	at com.sun.org.apache.xerces.internal.parsers.AbstractSAXParser.startElement(AbstractSAXParser.java:509)
	at com.sun.org.apache.xerces.internal.parsers.AbstractXMLDocumentParser.emptyElement(AbstractXMLDocumentParser.java:182)
	at com.sun.org.apache.xerces.internal.impl.XMLDocumentFragmentScannerImpl.scanStartElement(XMLDocumentFragmentScannerImpl.java:1339)
	at com.sun.org.apache.xerces.internal.impl.XMLDocumentFragmentScannerImpl$FragmentContentDriver.next(XMLDocumentFragmentScannerImpl.java:2784)
	at com.sun.org.apache.xerces.internal.impl.XMLDocumentScannerImpl.next(XMLDocumentScannerImpl.java:602)
	at com.sun.org.apache.xerces.internal.impl.XMLDocumentFragmentScannerImpl.scanDocument(XMLDocumentFragmentScannerImpl.java:505)
	at com.sun.org.apache.xerces.internal.parsers.XML11Configuration.parse(XML11Configuration.java:841)
	at com.sun.org.apache.xerces.internal.parsers.XML11Configuration.parse(XML11Configuration.java:770)
	at com.sun.org.apache.xerces.internal.parsers.XMLParser.parse(XMLParser.java:141)
	at com.sun.org.apache.xerces.internal.parsers.AbstractSAXParser.parse(AbstractSAXParser.java:1213)
	at com.sun.org.apache.xerces.internal.jaxp.SAXParserImpl$JAXPSAXParser.parse(SAXParserImpl.java:643)
	at org.apache.tomcat.util.digester.Digester.parse(Digester.java:1576)
	at org.apache.catalina.startup.Catalina.load(Catalina.java:616)
	at org.apache.catalina.startup.Catalina.load(Catalina.java:667)
	at sun.reflect.NativeMethodAccessorImpl.invoke0(Native Method)
	at sun.reflect.NativeMethodAccessorImpl.invoke(NativeMethodAccessorImpl.java:62)
	at sun.reflect.DelegatingMethodAccessorImpl.invoke(DelegatingMethodAccessorImpl.java:43)
	at java.lang.reflect.Method.invoke(Method.java:498)
	at org.apache.catalina.startup.Bootstrap.load(Bootstrap.java:253)
	at org.apache.catalina.startup.Bootstrap.main(Bootstrap.java:427)

mar 27, 2017 9:21:32 AM org.apache.catalina.startup.VersionLoggerListener log
INFORMACIÓN: Server version:        Apache Tomcat/7.0.75
mar 27, 2017 9:21:32 AM org.apache.catalina.startup.VersionLoggerListener log
INFORMACIÓN: Server built:          Jan 18 2017 20:54:42 UTC
mar 27, 2017 9:21:32 AM org.apache.catalina.startup.VersionLoggerListener log
INFORMACIÓN: Server number:         7.0.75.0
mar 27, 2017 9:21:32 AM org.apache.catalina.startup.VersionLoggerListener log
INFORMACIÓN: OS Name:               Windows 10
mar 27, 2017 9:21:32 AM org.apache.catalina.startup.VersionLoggerListener log
INFORMACIÓN: OS Version:            10.0
mar 27, 2017 9:21:32 AM org.apache.catalina.startup.VersionLoggerListener log
INFORMACIÓN: Architecture:          x86
mar 27, 2017 9:21:32 AM org.apache.catalina.startup.VersionLoggerListener log
INFORMACIÓN: Java Home:             C:\Program Files (x86)\Java\jdk1.8.0_102\jre
mar 27, 2017 9:21:32 AM org.apache.catalina.startup.VersionLoggerListener log
INFORMACIÓN: JVM Version:           1.8.0_102-b14
mar 27, 2017 9:21:32 AM org.apache.catalina.startup.VersionLoggerListener log
INFORMACIÓN: JVM Vendor:            Oracle Corporation
mar 27, 2017 9:21:32 AM org.apache.catalina.startup.VersionLoggerListener log
INFORMACIÓN: CATALINA_BASE:         C:\Users\samue\Desktop\apache-tomcat-7.0.75
mar 27, 2017 9:21:32 AM org.apache.catalina.startup.VersionLoggerListener log
INFORMACIÓN: CATALINA_HOME:         C:\Users\samue\Desktop\apache-tomcat-7.0.75
mar 27, 2017 9:21:32 AM org.apache.catalina.startup.VersionLoggerListener log
INFORMACIÓN: Command line argument: -Djava.util.logging.config.file=C:\Users\samue\Desktop\apache-tomcat-7.0.75\conf\logging.properties
mar 27, 2017 9:21:32 AM org.apache.catalina.startup.VersionLoggerListener log
INFORMACIÓN: Command line argument: -Djava.util.logging.manager=org.apache.juli.ClassLoaderLogManager
mar 27, 2017 9:21:32 AM org.apache.catalina.startup.VersionLoggerListener log
INFORMACIÓN: Command line argument: -Dhttp.nonProxyHosts=localhost|127.0.0.1|DESKTOP-96G7SCK
mar 27, 2017 9:21:32 AM org.apache.catalina.startup.VersionLoggerListener log
INFORMACIÓN: Command line argument: -Djdk.tls.ephemeralDHKeySize=2048
mar 27, 2017 9:21:32 AM org.apache.catalina.startup.VersionLoggerListener log
INFORMACIÓN: Command line argument: -Djava.endorsed.dirs=C:\Users\samue\Desktop\apache-tomcat-7.0.75\endorsed
mar 27, 2017 9:21:32 AM org.apache.catalina.startup.VersionLoggerListener log
INFORMACIÓN: Command line argument: -Dcatalina.base=C:\Users\samue\Desktop\apache-tomcat-7.0.75
mar 27, 2017 9:21:32 AM org.apache.catalina.startup.VersionLoggerListener log
INFORMACIÓN: Command line argument: -Dcatalina.home=C:\Users\samue\Desktop\apache-tomcat-7.0.75
mar 27, 2017 9:21:32 AM org.apache.catalina.startup.VersionLoggerListener log
INFORMACIÓN: Command line argument: -Djava.io.tmpdir=C:\Users\samue\Desktop\apache-tomcat-7.0.75\temp
mar 27, 2017 9:21:39 AM org.apache.coyote.AbstractProtocol init
INFORMACIÓN: Initializing ProtocolHandler ["http-bio-8080"]
mar 27, 2017 9:21:39 AM org.apache.coyote.AbstractProtocol init
INFORMACIÓN: Initializing ProtocolHandler ["ajp-bio-8009"]
mar 27, 2017 9:21:39 AM org.apache.catalina.startup.Catalina load
INFORMACIÓN: Initialization processed in 16989 ms
mar 27, 2017 9:21:39 AM org.apache.catalina.core.StandardService startInternal
INFORMACIÓN: Arrancando servicio Catalina
mar 27, 2017 9:21:39 AM org.apache.catalina.core.StandardEngine startInternal
INFORMACIÓN: Starting Servlet Engine: Apache Tomcat/7.0.75
mar 27, 2017 9:21:39 AM org.apache.catalina.startup.HostConfig deployDirectory
INFORMACIÓN: Despliegue del directorio C:\Users\samue\Desktop\apache-tomcat-7.0.75\webapps\docs de la aplicación web
mar 27, 2017 9:21:40 AM org.apache.catalina.util.SessionIdGeneratorBase createSecureRandom
INFORMACIÓN: Creation of SecureRandom instance for session ID generation using [SHA1PRNG] took [287] milliseconds.
mar 27, 2017 9:21:40 AM org.apache.catalina.startup.HostConfig deployDirectory
INFORMACIÓN: Deployment of web application directory C:\Users\samue\Desktop\apache-tomcat-7.0.75\webapps\docs has finished in 1.160 ms
mar 27, 2017 9:21:40 AM org.apache.catalina.startup.HostConfig deployDirectory
INFORMACIÓN: Despliegue del directorio C:\Users\samue\Desktop\apache-tomcat-7.0.75\webapps\examples de la aplicación web
mar 27, 2017 9:21:42 AM org.apache.catalina.startup.HostConfig deployDirectory
INFORMACIÓN: Deployment of web application directory C:\Users\samue\Desktop\apache-tomcat-7.0.75\webapps\examples has finished in 2.027 ms
mar 27, 2017 9:21:42 AM org.apache.catalina.startup.HostConfig deployDirectory
INFORMACIÓN: Despliegue del directorio C:\Users\samue\Desktop\apache-tomcat-7.0.75\webapps\host-manager de la aplicación web
mar 27, 2017 9:21:42 AM org.apache.catalina.startup.HostConfig deployDirectory
INFORMACIÓN: Deployment of web application directory C:\Users\samue\Desktop\apache-tomcat-7.0.75\webapps\host-manager has finished in 224 ms
mar 27, 2017 9:21:42 AM org.apache.catalina.startup.HostConfig deployDirectory
INFORMACIÓN: Despliegue del directorio C:\Users\samue\Desktop\apache-tomcat-7.0.75\webapps\manager de la aplicación web
mar 27, 2017 9:21:42 AM org.apache.catalina.startup.HostConfig deployDirectory
INFORMACIÓN: Deployment of web application directory C:\Users\samue\Desktop\apache-tomcat-7.0.75\webapps\manager has finished in 182 ms
mar 27, 2017 9:21:42 AM org.apache.catalina.startup.HostConfig deployDirectory
INFORMACIÓN: Despliegue del directorio C:\Users\samue\Desktop\apache-tomcat-7.0.75\webapps\ROOT de la aplicación web
mar 27, 2017 9:21:43 AM org.apache.catalina.startup.HostConfig deployDirectory
INFORMACIÓN: Deployment of web application directory C:\Users\samue\Desktop\apache-tomcat-7.0.75\webapps\ROOT has finished in 131 ms
mar 27, 2017 9:21:43 AM org.apache.coyote.AbstractProtocol start
INFORMACIÓN: Starting ProtocolHandler ["http-bio-8080"]
mar 27, 2017 9:21:43 AM org.apache.coyote.AbstractProtocol start
INFORMACIÓN: Starting ProtocolHandler ["ajp-bio-8009"]
mar 27, 2017 9:21:43 AM org.apache.catalina.startup.Catalina start
INFORMACIÓN: Server startup in 3889 ms
mar 27, 2017 9:21:58 AM org.apache.catalina.realm.LockOutRealm filterLockedAccounts
ADVERTENCIA: Se ha intentado autentica al usuario bloqueado "Samuel "
mar 27, 2017 9:21:58 AM org.apache.catalina.realm.LockOutRealm filterLockedAccounts
ADVERTENCIA: Se ha intentado autentica al usuario bloqueado "Samuel "
mar 27, 2017 9:21:59 AM org.apache.catalina.realm.LockOutRealm filterLockedAccounts
ADVERTENCIA: Se ha intentado autentica al usuario bloqueado "Samuel "
mar 27, 2017 9:27:36 AM org.apache.catalina.realm.LockOutRealm filterLockedAccounts
ADVERTENCIA: Se ha intentado autentica al usuario bloqueado "Samuel"
mar 27, 2017 9:27:36 AM org.apache.catalina.realm.LockOutRealm filterLockedAccounts
ADVERTENCIA: Se ha intentado autentica al usuario bloqueado "Samuel"
mar 27, 2017 9:27:36 AM org.apache.catalina.realm.LockOutRealm filterLockedAccounts
ADVERTENCIA: Se ha intentado autentica al usuario bloqueado "Samuel"
mar 27, 2017 9:29:45 AM org.apache.catalina.realm.LockOutRealm filterLockedAccounts
ADVERTENCIA: Se ha intentado autentica al usuario bloqueado "Samuel"
mar 27, 2017 9:29:46 AM org.apache.catalina.realm.LockOutRealm filterLockedAccounts
ADVERTENCIA: Se ha intentado autentica al usuario bloqueado "Samuel"
mar 27, 2017 9:29:46 AM org.apache.catalina.realm.LockOutRealm filterLockedAccounts
ADVERTENCIA: Se ha intentado autentica al usuario bloqueado "Samuel"
mar 27, 2017 9:29:46 AM org.apache.catalina.realm.LockOutRealm filterLockedAccounts
ADVERTENCIA: Se ha intentado autentica al usuario bloqueado "Samuel"
mar 27, 2017 9:29:46 AM org.apache.catalina.realm.LockOutRealm filterLockedAccounts
ADVERTENCIA: Se ha intentado autentica al usuario bloqueado "Samuel"
mar 27, 2017 9:29:47 AM org.apache.catalina.realm.LockOutRealm filterLockedAccounts
ADVERTENCIA: Se ha intentado autentica al usuario bloqueado "Samuel"
mar 27, 2017 9:30:13 AM org.apache.catalina.realm.LockOutRealm filterLockedAccounts
ADVERTENCIA: Se ha intentado autentica al usuario bloqueado "Samuel"
mar 27, 2017 9:30:14 AM org.apache.catalina.realm.LockOutRealm filterLockedAccounts
ADVERTENCIA: Se ha intentado autentica al usuario bloqueado "Samuel"
mar 27, 2017 9:30:14 AM org.apache.catalina.realm.LockOutRealm filterLockedAccounts
ADVERTENCIA: Se ha intentado autentica al usuario bloqueado "Samuel"
mar 27, 2017 9:30:14 AM org.apache.catalina.realm.LockOutRealm filterLockedAccounts
ADVERTENCIA: Se ha intentado autentica al usuario bloqueado "Samuel"
mar 27, 2017 9:30:21 AM org.apache.catalina.realm.LockOutRealm filterLockedAccounts
ADVERTENCIA: Se ha intentado autentica al usuario bloqueado "Samuel"
mar 27, 2017 9:33:44 AM org.apache.catalina.realm.LockOutRealm filterLockedAccounts
ADVERTENCIA: Se ha intentado autentica al usuario bloqueado ""
mar 27, 2017 9:33:44 AM org.apache.catalina.realm.LockOutRealm filterLockedAccounts
ADVERTENCIA: Se ha intentado autentica al usuario bloqueado ""
mar 27, 2017 9:33:53 AM org.apache.catalina.realm.LockOutRealm filterLockedAccounts
ADVERTENCIA: Se ha intentado autentica al usuario bloqueado ""
mar 27, 2017 9:34:04 AM org.apache.catalina.realm.LockOutRealm filterLockedAccounts
ADVERTENCIA: Se ha intentado autentica al usuario bloqueado "admin"
mar 27, 2017 9:34:05 AM org.apache.catalina.realm.LockOutRealm filterLockedAccounts
ADVERTENCIA: Se ha intentado autentica al usuario bloqueado "admin"
mar 27, 2017 9:34:05 AM org.apache.catalina.realm.LockOutRealm filterLockedAccounts
ADVERTENCIA: Se ha intentado autentica al usuario bloqueado "admin"
mar 27, 2017 9:34:14 AM org.apache.catalina.realm.LockOutRealm filterLockedAccounts
ADVERTENCIA: Se ha intentado autentica al usuario bloqueado "admin"
mar 27, 2017 9:34:15 AM org.apache.catalina.realm.LockOutRealm filterLockedAccounts
ADVERTENCIA: Se ha intentado autentica al usuario bloqueado "admin"
mar 27, 2017 9:34:15 AM org.apache.catalina.realm.LockOutRealm filterLockedAccounts
ADVERTENCIA: Se ha intentado autentica al usuario bloqueado "admin"
mar 27, 2017 9:34:16 AM org.apache.catalina.realm.LockOutRealm filterLockedAccounts
ADVERTENCIA: Se ha intentado autentica al usuario bloqueado ""
mar 27, 2017 9:34:18 AM org.apache.catalina.realm.LockOutRealm filterLockedAccounts
ADVERTENCIA: Se ha intentado autentica al usuario bloqueado ""
mar 27, 2017 9:34:18 AM org.apache.catalina.realm.LockOutRealm filterLockedAccounts
ADVERTENCIA: Se ha intentado autentica al usuario bloqueado ""
mar 27, 2017 9:34:48 AM org.apache.catalina.realm.LockOutRealm filterLockedAccounts
ADVERTENCIA: Se ha intentado autentica al usuario bloqueado "admin"
mar 27, 2017 9:34:50 AM org.apache.catalina.realm.LockOutRealm filterLockedAccounts
ADVERTENCIA: Se ha intentado autentica al usuario bloqueado "admin"
mar 27, 2017 9:34:50 AM org.apache.catalina.realm.LockOutRealm filterLockedAccounts
ADVERTENCIA: Se ha intentado autentica al usuario bloqueado "admin"
mar 27, 2017 9:34:51 AM org.apache.catalina.realm.LockOutRealm filterLockedAccounts
ADVERTENCIA: Se ha intentado autentica al usuario bloqueado "admin"
mar 27, 2017 9:34:56 AM org.apache.catalina.core.StandardServer await
INFORMACIÓN: Se ha recibido un comando de apagado a través del puerto de apagado. Parando la instancia del Servidor.
mar 27, 2017 9:34:56 AM org.apache.coyote.AbstractProtocol pause
INFORMACIÓN: Pausing ProtocolHandler ["http-bio-8080"]
mar 27, 2017 9:34:56 AM org.apache.coyote.AbstractProtocol pause
INFORMACIÓN: Pausing ProtocolHandler ["ajp-bio-8009"]
mar 27, 2017 9:34:56 AM org.apache.catalina.core.StandardService stopInternal
INFORMACIÓN: Parando servicio Catalina
mar 27, 2017 9:34:56 AM org.apache.coyote.AbstractProtocol stop
INFORMACIÓN: Stopping ProtocolHandler ["http-bio-8080"]
mar 27, 2017 9:34:56 AM org.apache.coyote.AbstractProtocol stop
INFORMACIÓN: Stopping ProtocolHandler ["ajp-bio-8009"]
mar 27, 2017 9:34:56 AM org.apache.coyote.AbstractProtocol destroy
INFORMACIÓN: Destroying ProtocolHandler ["http-bio-8080"]
mar 27, 2017 9:34:56 AM org.apache.coyote.AbstractProtocol destroy
INFORMACIÓN: Destroying ProtocolHandler ["ajp-bio-8009"]
mar 27, 2017 9:37:29 AM org.apache.catalina.core.AprLifecycleListener init
ADVERTENCIA: The APR based Apache Tomcat Native library failed to load. The error reported was [C:\Users\samue\Desktop\apache-tomcat-7.0.75\bin\tcnative-1.dll: Can't load AMD 64-bit .dll on a IA 32-bit platform]
java.lang.UnsatisfiedLinkError: C:\Users\samue\Desktop\apache-tomcat-7.0.75\bin\tcnative-1.dll: Can't load AMD 64-bit .dll on a IA 32-bit platform
	at java.lang.ClassLoader$NativeLibrary.load(Native Method)
	at java.lang.ClassLoader.loadLibrary0(ClassLoader.java:1941)
	at java.lang.ClassLoader.loadLibrary(ClassLoader.java:1857)
	at java.lang.Runtime.loadLibrary0(Runtime.java:870)
	at java.lang.System.loadLibrary(System.java:1122)
	at org.apache.tomcat.jni.Library.<init>(Library.java:42)
	at org.apache.tomcat.jni.Library.initialize(Library.java:178)
	at org.apache.catalina.core.AprLifecycleListener.init(AprLifecycleListener.java:200)
	at org.apache.catalina.core.AprLifecycleListener.isAprAvailable(AprLifecycleListener.java:108)
	at org.apache.catalina.connector.Connector.setProtocol(Connector.java:592)
	at org.apache.catalina.connector.Connector.<init>(Connector.java:66)
	at org.apache.catalina.startup.ConnectorCreateRule.begin(ConnectorCreateRule.java:62)
	at org.apache.tomcat.util.digester.Digester.startElement(Digester.java:1303)
	at com.sun.org.apache.xerces.internal.parsers.AbstractSAXParser.startElement(AbstractSAXParser.java:509)
	at com.sun.org.apache.xerces.internal.parsers.AbstractXMLDocumentParser.emptyElement(AbstractXMLDocumentParser.java:182)
	at com.sun.org.apache.xerces.internal.impl.XMLDocumentFragmentScannerImpl.scanStartElement(XMLDocumentFragmentScannerImpl.java:1339)
	at com.sun.org.apache.xerces.internal.impl.XMLDocumentFragmentScannerImpl$FragmentContentDriver.next(XMLDocumentFragmentScannerImpl.java:2784)
	at com.sun.org.apache.xerces.internal.impl.XMLDocumentScannerImpl.next(XMLDocumentScannerImpl.java:602)
	at com.sun.org.apache.xerces.internal.impl.XMLDocumentFragmentScannerImpl.scanDocument(XMLDocumentFragmentScannerImpl.java:505)
	at com.sun.org.apache.xerces.internal.parsers.XML11Configuration.parse(XML11Configuration.java:841)
	at com.sun.org.apache.xerces.internal.parsers.XML11Configuration.parse(XML11Configuration.java:770)
	at com.sun.org.apache.xerces.internal.parsers.XMLParser.parse(XMLParser.java:141)
	at com.sun.org.apache.xerces.internal.parsers.AbstractSAXParser.parse(AbstractSAXParser.java:1213)
	at com.sun.org.apache.xerces.internal.jaxp.SAXParserImpl$JAXPSAXParser.parse(SAXParserImpl.java:643)
	at org.apache.tomcat.util.digester.Digester.parse(Digester.java:1576)
	at org.apache.catalina.startup.Catalina.load(Catalina.java:616)
	at org.apache.catalina.startup.Catalina.load(Catalina.java:667)
	at sun.reflect.NativeMethodAccessorImpl.invoke0(Native Method)
	at sun.reflect.NativeMethodAccessorImpl.invoke(NativeMethodAccessorImpl.java:62)
	at sun.reflect.DelegatingMethodAccessorImpl.invoke(DelegatingMethodAccessorImpl.java:43)
	at java.lang.reflect.Method.invoke(Method.java:498)
	at org.apache.catalina.startup.Bootstrap.load(Bootstrap.java:253)
	at org.apache.catalina.startup.Bootstrap.main(Bootstrap.java:427)

mar 27, 2017 9:37:30 AM org.apache.catalina.startup.VersionLoggerListener log
INFORMACIÓN: Server version:        Apache Tomcat/7.0.75
mar 27, 2017 9:37:30 AM org.apache.catalina.startup.VersionLoggerListener log
INFORMACIÓN: Server built:          Jan 18 2017 20:54:42 UTC
mar 27, 2017 9:37:30 AM org.apache.catalina.startup.VersionLoggerListener log
INFORMACIÓN: Server number:         7.0.75.0
mar 27, 2017 9:37:30 AM org.apache.catalina.startup.VersionLoggerListener log
INFORMACIÓN: OS Name:               Windows 10
mar 27, 2017 9:37:30 AM org.apache.catalina.startup.VersionLoggerListener log
INFORMACIÓN: OS Version:            10.0
mar 27, 2017 9:37:30 AM org.apache.catalina.startup.VersionLoggerListener log
INFORMACIÓN: Architecture:          x86
mar 27, 2017 9:37:30 AM org.apache.catalina.startup.VersionLoggerListener log
INFORMACIÓN: Java Home:             C:\Program Files (x86)\Java\jdk1.8.0_102\jre
mar 27, 2017 9:37:30 AM org.apache.catalina.startup.VersionLoggerListener log
INFORMACIÓN: JVM Version:           1.8.0_102-b14
mar 27, 2017 9:37:30 AM org.apache.catalina.startup.VersionLoggerListener log
INFORMACIÓN: JVM Vendor:            Oracle Corporation
mar 27, 2017 9:37:30 AM org.apache.catalina.startup.VersionLoggerListener log
INFORMACIÓN: CATALINA_BASE:         C:\Users\samue\Desktop\apache-tomcat-7.0.75
mar 27, 2017 9:37:30 AM org.apache.catalina.startup.VersionLoggerListener log
INFORMACIÓN: CATALINA_HOME:         C:\Users\samue\Desktop\apache-tomcat-7.0.75
mar 27, 2017 9:37:30 AM org.apache.catalina.startup.VersionLoggerListener log
INFORMACIÓN: Command line argument: -Djava.util.logging.config.file=C:\Users\samue\Desktop\apache-tomcat-7.0.75\conf\logging.properties
mar 27, 2017 9:37:30 AM org.apache.catalina.startup.VersionLoggerListener log
INFORMACIÓN: Command line argument: -Djava.util.logging.manager=org.apache.juli.ClassLoaderLogManager
mar 27, 2017 9:37:30 AM org.apache.catalina.startup.VersionLoggerListener log
INFORMACIÓN: Command line argument: -Dhttp.nonProxyHosts=localhost|127.0.0.1|DESKTOP-96G7SCK
mar 27, 2017 9:37:30 AM org.apache.catalina.startup.VersionLoggerListener log
INFORMACIÓN: Command line argument: -Djdk.tls.ephemeralDHKeySize=2048
mar 27, 2017 9:37:30 AM org.apache.catalina.startup.VersionLoggerListener log
INFORMACIÓN: Command line argument: -Djava.endorsed.dirs=C:\Users\samue\Desktop\apache-tomcat-7.0.75\endorsed
mar 27, 2017 9:37:30 AM org.apache.catalina.startup.VersionLoggerListener log
INFORMACIÓN: Command line argument: -Dcatalina.base=C:\Users\samue\Desktop\apache-tomcat-7.0.75
mar 27, 2017 9:37:30 AM org.apache.catalina.startup.VersionLoggerListener log
INFORMACIÓN: Command line argument: -Dcatalina.home=C:\Users\samue\Desktop\apache-tomcat-7.0.75
mar 27, 2017 9:37:30 AM org.apache.catalina.startup.VersionLoggerListener log
INFORMACIÓN: Command line argument: -Djava.io.tmpdir=C:\Users\samue\Desktop\apache-tomcat-7.0.75\temp
mar 27, 2017 9:37:30 AM org.apache.coyote.AbstractProtocol init
INFORMACIÓN: Initializing ProtocolHandler ["http-bio-8080"]
mar 27, 2017 9:37:30 AM org.apache.coyote.AbstractProtocol init
INFORMACIÓN: Initializing ProtocolHandler ["ajp-bio-8009"]
mar 27, 2017 9:37:30 AM org.apache.catalina.startup.Catalina load
INFORMACIÓN: Initialization processed in 898 ms
mar 27, 2017 9:37:30 AM org.apache.catalina.core.StandardService startInternal
INFORMACIÓN: Arrancando servicio Catalina
mar 27, 2017 9:37:30 AM org.apache.catalina.core.StandardEngine startInternal
INFORMACIÓN: Starting Servlet Engine: Apache Tomcat/7.0.75
mar 27, 2017 9:37:30 AM org.apache.catalina.startup.HostConfig deployDirectory
INFORMACIÓN: Despliegue del directorio C:\Users\samue\Desktop\apache-tomcat-7.0.75\webapps\docs de la aplicación web
mar 27, 2017 9:37:31 AM org.apache.catalina.util.SessionIdGeneratorBase createSecureRandom
INFORMACIÓN: Creation of SecureRandom instance for session ID generation using [SHA1PRNG] took [136] milliseconds.
mar 27, 2017 9:37:31 AM org.apache.catalina.startup.HostConfig deployDirectory
INFORMACIÓN: Deployment of web application directory C:\Users\samue\Desktop\apache-tomcat-7.0.75\webapps\docs has finished in 590 ms
mar 27, 2017 9:37:31 AM org.apache.catalina.startup.HostConfig deployDirectory
INFORMACIÓN: Despliegue del directorio C:\Users\samue\Desktop\apache-tomcat-7.0.75\webapps\examples de la aplicación web
mar 27, 2017 9:37:32 AM org.apache.catalina.startup.HostConfig deployDirectory
INFORMACIÓN: Deployment of web application directory C:\Users\samue\Desktop\apache-tomcat-7.0.75\webapps\examples has finished in 1.042 ms
mar 27, 2017 9:37:32 AM org.apache.catalina.startup.HostConfig deployDirectory
INFORMACIÓN: Despliegue del directorio C:\Users\samue\Desktop\apache-tomcat-7.0.75\webapps\host-manager de la aplicación web
mar 27, 2017 9:37:32 AM org.apache.catalina.startup.HostConfig deployDirectory
INFORMACIÓN: Deployment of web application directory C:\Users\samue\Desktop\apache-tomcat-7.0.75\webapps\host-manager has finished in 153 ms
mar 27, 2017 9:37:32 AM org.apache.catalina.startup.HostConfig deployDirectory
INFORMACIÓN: Despliegue del directorio C:\Users\samue\Desktop\apache-tomcat-7.0.75\webapps\manager de la aplicación web
mar 27, 2017 9:37:32 AM org.apache.catalina.startup.HostConfig deployDirectory
INFORMACIÓN: Deployment of web application directory C:\Users\samue\Desktop\apache-tomcat-7.0.75\webapps\manager has finished in 129 ms
mar 27, 2017 9:37:32 AM org.apache.catalina.startup.HostConfig deployDirectory
INFORMACIÓN: Despliegue del directorio C:\Users\samue\Desktop\apache-tomcat-7.0.75\webapps\ROOT de la aplicación web
mar 27, 2017 9:37:32 AM org.apache.catalina.startup.HostConfig deployDirectory
INFORMACIÓN: Deployment of web application directory C:\Users\samue\Desktop\apache-tomcat-7.0.75\webapps\ROOT has finished in 103 ms
mar 27, 2017 9:37:32 AM org.apache.coyote.AbstractProtocol start
INFORMACIÓN: Starting ProtocolHandler ["http-bio-8080"]
mar 27, 2017 9:37:32 AM org.apache.coyote.AbstractProtocol start
INFORMACIÓN: Starting ProtocolHandler ["ajp-bio-8009"]
mar 27, 2017 9:37:32 AM org.apache.catalina.startup.Catalina start
INFORMACIÓN: Server startup in 2134 ms
mar 27, 2017 9:37:34 AM org.apache.catalina.startup.HostConfig deployDescriptor
INFORMACIÓN: Desplieque del descriptor de configuración C:\Users\samue\Desktop\apache-tomcat-7.0.75\conf\Catalina\localhost\Web1.xml
mar 27, 2017 9:37:34 AM org.apache.catalina.startup.HostConfig deployDescriptor
INFORMACIÓN: Deployment of configuration descriptor C:\Users\samue\Desktop\apache-tomcat-7.0.75\conf\Catalina\localhost\Web1.xml has finished in 201 ms
mar 27, 2017 9:37:34 AM org.apache.catalina.util.LifecycleBase start
INFORMACIÓN: The start() method was called on component [StandardEngine[Catalina].StandardHost[localhost].StandardContext[/Web1]] after start() had already been called. The second call will be ignored.
mar 27, 2017 9:42:22 AM org.apache.catalina.core.StandardServer await
INFORMACIÓN: Se ha recibido un comando de apagado a través del puerto de apagado. Parando la instancia del Servidor.
mar 27, 2017 9:42:22 AM org.apache.coyote.AbstractProtocol pause
INFORMACIÓN: Pausing ProtocolHandler ["http-bio-8080"]
mar 27, 2017 9:42:22 AM org.apache.coyote.AbstractProtocol pause
INFORMACIÓN: Pausing ProtocolHandler ["ajp-bio-8009"]
mar 27, 2017 9:42:22 AM org.apache.catalina.core.StandardService stopInternal
INFORMACIÓN: Parando servicio Catalina
mar 27, 2017 9:42:23 AM org.apache.coyote.AbstractProtocol stop
INFORMACIÓN: Stopping ProtocolHandler ["http-bio-8080"]
mar 27, 2017 9:42:23 AM org.apache.coyote.AbstractProtocol stop
INFORMACIÓN: Stopping ProtocolHandler ["ajp-bio-8009"]
mar 27, 2017 9:42:23 AM org.apache.coyote.AbstractProtocol destroy
INFORMACIÓN: Destroying ProtocolHandler ["http-bio-8080"]
mar 27, 2017 9:42:23 AM org.apache.coyote.AbstractProtocol destroy
INFORMACIÓN: Destroying ProtocolHandler ["ajp-bio-8009"]
